# JRE version: Java(TM) SE Runtime Environment 18.9 (11.0.12+8) (build 11.0.12+8-LTS-237)
# Java VM: Java HotSpot(TM) 64-Bit Server VM 18.9 (11.0.12+8-LTS-237, mixed mode, tiered, compressed oops, g1 gc, windows-amd64)
Heap:
 garbage-first heap   total 310272K, used 114416K [0x0000000705000000, 0x0000000800000000)
  region size 1024K, 100 young (102400K), 15 survivors (15360K)
 Metaspace       used 80342K, capacity 82415K, committed 82560K, reserved 1120256K
  class space    used 10248K, capacity 11080K, committed 11136K, reserved 1048576K
GC Heap History (10 events):
Event: 2.337 GC heap before
{Heap before GC invocations=4 (full 0):
 garbage-first heap   total 258048K, used 157017K [0x0000000705000000, 0x0000000800000000)
  region size 1024K, 151 young (154624K), 6 survivors (6144K)
 Metaspace       used 32750K, capacity 33608K, committed 33792K, reserved 1079296K
  class space    used 3873K, capacity 4226K, committed 4352K, reserved 1048576K
}
Event: 2.344 GC heap after
{Heap after GC invocations=5 (full 0):
 garbage-first heap   total 258048K, used 13525K [0x0000000705000000, 0x0000000800000000)
  region size 1024K, 10 young (10240K), 10 survivors (10240K)
 Metaspace       used 32750K, capacity 33608K, committed 33792K, reserved 1079296K
  class space    used 3873K, capacity 4226K, committed 4352K, reserved 1048576K
}
Event: 2.666 GC heap before
{Heap before GC invocations=5 (full 0):
 garbage-first heap   total 258048K, used 32981K [0x0000000705000000, 0x0000000800000000)
  region size 1024K, 30 young (30720K), 10 survivors (10240K)
 Metaspace       used 34833K, capacity 35724K, committed 35840K, reserved 1081344K
  class space    used 4141K, capacity 4524K, committed 4608K, reserved 1048576K
}
Event: 2.675 GC heap after
{Heap after GC invocations=6 (full 0):
 garbage-first heap   total 258048K, used 14578K [0x0000000705000000, 0x0000000800000000)
  region size 1024K, 11 young (11264K), 11 survivors (11264K)
 Metaspace       used 34833K, capacity 35724K, committed 35840K, reserved 1081344K
  class space    used 4141K, capacity 4524K, committed 4608K, reserved 1048576K
}
Event: 3.769 GC heap before
{Heap before GC invocations=7 (full 0):
 garbage-first heap   total 258048K, used 156914K [0x0000000705000000, 0x0000000800000000)
  region size 1024K, 151 young (154624K), 11 survivors (11264K)
 Metaspace       used 41654K, capacity 42793K, committed 43008K, reserved 1087488K
  class space    used 5046K, capacity 5507K, committed 5632K, reserved 1048576K
}
Event: 3.781 GC heap after
{Heap after GC invocations=8 (full 0):
 garbage-first heap   total 258048K, used 18216K [0x0000000705000000, 0x0000000800000000)
  region size 1024K, 11 young (11264K), 11 survivors (11264K)
 Metaspace       used 41654K, capacity 42793K, committed 43008K, reserved 1087488K
  class space    used 5046K, capacity 5507K, committed 5632K, reserved 1048576K
}
Event: 5.238 GC heap before
{Heap before GC invocations=8 (full 0):
 garbage-first heap   total 258048K, used 117544K [0x0000000705000000, 0x0000000800000000)
  region size 1024K, 109 young (111616K), 11 survivors (11264K)
 Metaspace       used 58610K, capacity 60015K, committed 60160K, reserved 1101824K
  class space    used 7395K, capacity 7963K, committed 8064K, reserved 1048576K
}
Event: 5.254 GC heap after
{Heap after GC invocations=9 (full 0):
 garbage-first heap   total 310272K, used 23565K [0x0000000705000000, 0x0000000800000000)
  region size 1024K, 14 young (14336K), 14 survivors (14336K)
 Metaspace       used 58610K, capacity 60015K, committed 60160K, reserved 1101824K
  class space    used 7395K, capacity 7963K, committed 8064K, reserved 1048576K
}
Event: 7.711 GC heap before
{Heap before GC invocations=10 (full 0):
 garbage-first heap   total 310272K, used 193549K [0x0000000705000000, 0x0000000800000000)
  region size 1024K, 181 young (185344K), 14 survivors (14336K)
 Metaspace       used 70572K, capacity 72373K, committed 72576K, reserved 1112064K
  class space    used 9021K, capacity 9729K, committed 9856K, reserved 1048576K
}
Event: 7.730 GC heap after
{Heap after GC invocations=11 (full 0):
 garbage-first heap   total 310272K, used 28400K [0x0000000705000000, 0x0000000800000000)
  region size 1024K, 15 young (15360K), 15 survivors (15360K)
 Metaspace       used 70572K, capacity 72373K, committed 72576K, reserved 1112064K
  class space    used 9021K, capacity 9729K, committed 9856K, reserved 1048576K
}

